<?xml version="1.0" encoding="UTF-8"?>
<!-- Generated by org.testng.reporters.JUnitXMLReporter -->
<testsuite hostname="DESKTOP-MJ1T9AR" ignored="0" name="Test" tests="10" failures="0" timestamp="2022-04-17T05:40:55 EET" time="1.964" errors="0">
  <testcase name="Validate_invaild_reponse_code_For_specifcProducts" time="1.048" classname="QA.TestAPI.Product"/>
  <testcase name="Validate_invaild_reponse_data_For_specifcProducts" time="0.032" classname="QA.TestAPI.Product"/>
  <testcase name="Validate_vaild_reponse_code_For_specifcProducts" time="0.02" classname="QA.TestAPI.Product"/>
  <testcase name="Validate_vaild_reponse_data_For_specifcProducts" time="0.278" classname="QA.TestAPI.Product"/>
  <testcase name="CheckValidation_search_using_larg_Limits" time="0.199" classname="QA.TestAPI.SearchAboutProduct"/>
  <testcase name="Response_code_search_using_Limits" time="0.138" classname="QA.TestAPI.SearchAboutProduct"/>
  <testcase name="search_About_Not_existing_Product_byName" time="0.037" classname="QA.TestAPI.SearchAboutProduct"/>
  <testcase name="search_About_Notexisting_Product_Validate_Data_byName" time="0.037" classname="QA.TestAPI.SearchAboutProduct"/>
  <testcase name="search_About_existing_Product_Validate_Data_byName" time="0.075" classname="QA.TestAPI.SearchAboutProduct"/>
  <testcase name="search_About_existing_Product_byName" time="0.066" classname="QA.TestAPI.SearchAboutProduct"/>
</testsuite> <!-- Test -->
