<?xml version="1.0" encoding="UTF-8"?>
<testng-results skipped="0" failed="0" ignored="0" total="10" passed="10">
  <reporter-output>
  </reporter-output>
  <suite name="Suite" duration-ms="1964" started-at="2022-04-17T05:40:53 EET" finished-at="2022-04-17T05:40:55 EET">
    <groups>
    </groups>
    <test name="Test" duration-ms="1964" started-at="2022-04-17T05:40:53 EET" finished-at="2022-04-17T05:40:55 EET">
      <class name="QA.TestAPI.SearchAboutProduct">
        <test-method status="PASS" signature="CheckValidation_search_using_larg_Limits()[pri:0, instance:QA.TestAPI.SearchAboutProduct@7a1ebcd8]" name="CheckValidation_search_using_larg_Limits" duration-ms="199" started-at="2022-04-17T05:40:54 EET" finished-at="2022-04-17T05:40:54 EET">
          <reporter-output>
          </reporter-output>
        </test-method> <!-- CheckValidation_search_using_larg_Limits -->
        <test-method status="PASS" signature="Response_code_search_using_Limits()[pri:0, instance:QA.TestAPI.SearchAboutProduct@7a1ebcd8]" name="Response_code_search_using_Limits" duration-ms="138" started-at="2022-04-17T05:40:54 EET" finished-at="2022-04-17T05:40:54 EET">
          <reporter-output>
          </reporter-output>
        </test-method> <!-- Response_code_search_using_Limits -->
        <test-method status="PASS" signature="search_About_Not_existing_Product_byName()[pri:0, instance:QA.TestAPI.SearchAboutProduct@7a1ebcd8]" name="search_About_Not_existing_Product_byName" duration-ms="37" started-at="2022-04-17T05:40:54 EET" finished-at="2022-04-17T05:40:54 EET">
          <reporter-output>
          </reporter-output>
        </test-method> <!-- search_About_Not_existing_Product_byName -->
        <test-method status="PASS" signature="search_About_Notexisting_Product_Validate_Data_byName()[pri:0, instance:QA.TestAPI.SearchAboutProduct@7a1ebcd8]" name="search_About_Notexisting_Product_Validate_Data_byName" duration-ms="37" started-at="2022-04-17T05:40:54 EET" finished-at="2022-04-17T05:40:54 EET">
          <reporter-output>
          </reporter-output>
        </test-method> <!-- search_About_Notexisting_Product_Validate_Data_byName -->
        <test-method status="PASS" signature="search_About_existing_Product_Validate_Data_byName()[pri:0, instance:QA.TestAPI.SearchAboutProduct@7a1ebcd8]" name="search_About_existing_Product_Validate_Data_byName" duration-ms="75" started-at="2022-04-17T05:40:54 EET" finished-at="2022-04-17T05:40:54 EET">
          <reporter-output>
          </reporter-output>
        </test-method> <!-- search_About_existing_Product_Validate_Data_byName -->
        <test-method status="PASS" signature="search_About_existing_Product_byName()[pri:0, instance:QA.TestAPI.SearchAboutProduct@7a1ebcd8]" name="search_About_existing_Product_byName" duration-ms="66" started-at="2022-04-17T05:40:54 EET" finished-at="2022-04-17T05:40:55 EET">
          <reporter-output>
          </reporter-output>
        </test-method> <!-- search_About_existing_Product_byName -->
      </class> <!-- QA.TestAPI.SearchAboutProduct -->
      <class name="QA.TestAPI.Product">
        <test-method status="PASS" signature="Validate_invaild_reponse_code_For_specifcProducts()[pri:0, instance:QA.TestAPI.Product@536aaa8d]" name="Validate_invaild_reponse_code_For_specifcProducts" duration-ms="1048" started-at="2022-04-17T05:40:53 EET" finished-at="2022-04-17T05:40:54 EET">
          <reporter-output>
          </reporter-output>
        </test-method> <!-- Validate_invaild_reponse_code_For_specifcProducts -->
        <test-method status="PASS" signature="Validate_invaild_reponse_data_For_specifcProducts()[pri:0, instance:QA.TestAPI.Product@536aaa8d]" name="Validate_invaild_reponse_data_For_specifcProducts" duration-ms="32" started-at="2022-04-17T05:40:54 EET" finished-at="2022-04-17T05:40:54 EET">
          <reporter-output>
          </reporter-output>
        </test-method> <!-- Validate_invaild_reponse_data_For_specifcProducts -->
        <test-method status="PASS" signature="Validate_vaild_reponse_code_For_specifcProducts()[pri:0, instance:QA.TestAPI.Product@536aaa8d]" name="Validate_vaild_reponse_code_For_specifcProducts" duration-ms="20" started-at="2022-04-17T05:40:54 EET" finished-at="2022-04-17T05:40:54 EET">
          <reporter-output>
          </reporter-output>
        </test-method> <!-- Validate_vaild_reponse_code_For_specifcProducts -->
        <test-method status="PASS" signature="Validate_vaild_reponse_data_For_specifcProducts()[pri:0, instance:QA.TestAPI.Product@536aaa8d]" name="Validate_vaild_reponse_data_For_specifcProducts" duration-ms="278" started-at="2022-04-17T05:40:54 EET" finished-at="2022-04-17T05:40:54 EET">
          <reporter-output>
          </reporter-output>
        </test-method> <!-- Validate_vaild_reponse_data_For_specifcProducts -->
      </class> <!-- QA.TestAPI.Product -->
    </test> <!-- Test -->
  </suite> <!-- Suite -->
</testng-results>
