<?xml version="1.0" encoding="UTF-8"?>
<!-- Generated by org.testng.reporters.JUnitXMLReporter -->
<testsuite ignored="0" hostname="DESKTOP-MJ1T9AR" failures="0" tests="7" name="Login" time="57.116" errors="0" timestamp="2022-04-16T00:14:59 EET">
  <testcase classname="LoginTCs.LoginValidEmailValidPass" name="Login_validEmail_validPass" time="4.413"/>
  <testcase classname="LoginTCs.LoginValidEmailInvalidPass" name="Login_validEmail_invalidPass" time="3.297"/>
  <testcase classname="LoginTCs.LoginInvalidEmailValidPass" name="Login_invalidEmail_validPass" time="1.69"/>
  <testcase classname="LoginTCs.LoginInvalidEmailInvalidPass" name="Login_invalidEmail_invalidPass" time="1.511"/>
  <testcase classname="LoginTCs.LoginBlankEmailBlankPass" name="Login_blankEmail_blankPass" time="0.659"/>
  <testcase classname="LoginTCs.LoginVaildEmailBlankPass" name="Login_VaildEmail_blankPass" time="2.995"/>
  <testcase classname="LoginTCs.LoginBlankEmailValidPass" name="Login_blankEmail_validPass" time="1.653"/>
</testsuite> <!-- Login -->
