<?xml version="1.0" encoding="UTF-8"?>
<!-- Generated by org.testng.reporters.JUnitXMLReporter -->
<testsuite ignored="0" hostname="DESKTOP-MJ1T9AR" failures="0" tests="5" name="Registration" time="39.25" errors="0" timestamp="2022-04-16T00:15:39 EET">
  <testcase classname="RegistrationTCs.RegisterWithoutFirstName" name="Registration_MakeSureFirstName_Mandatory" time="1.334"/>
  <testcase classname="RegistrationTCs.CorrectEmailSyntax" name="Registration_ValidEmailSyntax" time="1.889"/>
  <testcase classname="RegistrationTCs.RegistrationConfirmationEmail" name="Registration_EnsureComfirmEmailMatchEmail" time="1.818"/>
  <testcase classname="RegistrationTCs.RegisterWithoutLastName" name="Registration_MakeSureSurName_Mandatory" time="1.288"/>
  <testcase classname="RegistrationTCs.RegistrationUserAgeMoreThanAYear" name="Registration_UserAgeMoreThanOneYear" time="1.495"/>
</testsuite> <!-- Registration -->
